<?xml version="1.0" encoding="UTF-8"?>
<!-- Generated by org.testng.reporters.JUnitXMLReporter -->
<testsuite hostname="Suren-PC" name="Test" tests="5" failures="0" timestamp="8 Apr 2017 12:41:07 GMT" time="134.751" errors="0">
  <testcase name="login" time="23.259" classname="testcases.TC002_LoginFailure"/>
  <testcase name="login" time="34.8" classname="testcases.TC001_Login"/>
  <testcase name="login" time="4.163" classname="testcases.TC002_LoginFailure"/>
  <testcase name="login" time="3.889" classname="testcases.TC002_LoginFailure"/>
  <testcase name="login" time="4.494" classname="testcases.TC002_LoginFailure"/>
</testsuite> <!-- Test -->
