<?xml version="1.0" encoding="UTF-8"?>
<testng-results skipped="0" failed="0" total="1" passed="1">
  <reporter-output>
  </reporter-output>
  <suite name="Default suite" duration-ms="54843" started-at="2017-04-08T05:26:53Z" finished-at="2017-04-08T05:27:48Z">
    <groups>
    </groups>
    <test name="Default test" duration-ms="54843" started-at="2017-04-08T05:26:53Z" finished-at="2017-04-08T05:27:48Z">
      <class name="testcases.TC007_DeleteLead">
        <test-method status="PASS" signature="beforeSuite()[pri:0, instance:testcases.TC007_DeleteLead@13fcdbd]" name="beforeSuite" is-config="true" duration-ms="1370" started-at="2017-04-08T10:56:52Z" finished-at="2017-04-08T10:56:53Z">
          <reporter-output>
          </reporter-output>
        </test-method> <!-- beforeSuite -->
        <test-method status="PASS" signature="beforeTest()[pri:0, instance:testcases.TC007_DeleteLead@13fcdbd]" name="beforeTest" is-config="true" duration-ms="1" started-at="2017-04-08T10:56:53Z" finished-at="2017-04-08T10:56:53Z">
          <reporter-output>
          </reporter-output>
        </test-method> <!-- beforeTest -->
        <test-method status="PASS" signature="setData()[pri:0, instance:testcases.TC007_DeleteLead@13fcdbd]" name="setData" is-config="true" duration-ms="0" started-at="2017-04-08T10:56:53Z" finished-at="2017-04-08T10:56:53Z">
          <reporter-output>
          </reporter-output>
        </test-method> <!-- setData -->
        <test-method status="PASS" signature="beforeMethod()[pri:0, instance:testcases.TC007_DeleteLead@13fcdbd]" name="beforeMethod" is-config="true" duration-ms="8160" started-at="2017-04-08T10:56:55Z" finished-at="2017-04-08T10:57:03Z">
          <reporter-output>
          </reporter-output>
        </test-method> <!-- beforeMethod -->
        <test-method status="PASS" signature="login(java.lang.String, java.lang.String, java.lang.String, java.lang.String)[pri:0, instance:testcases.TC007_DeleteLead@13fcdbd]" name="login" duration-ms="43494" started-at="2017-04-08T10:57:03Z" data-provider="fetchData" finished-at="2017-04-08T10:57:46Z">
          <params>
            <param index="0">
              <value>
                <![CDATA[DemoSalesManager]]>
              </value>
            </param>
            <param index="1">
              <value>
                <![CDATA[crmsfa]]>
              </value>
            </param>
            <param index="2">
              <value>
                <![CDATA[Demo Sales Manager]]>
              </value>
            </param>
            <param index="3">
              <value>
                <![CDATA[9944121392]]>
              </value>
            </param>
          </params>
          <reporter-output>
          </reporter-output>
        </test-method> <!-- login -->
        <test-method status="PASS" signature="afterMethod()[pri:0, instance:testcases.TC007_DeleteLead@13fcdbd]" name="afterMethod" is-config="true" duration-ms="1543" started-at="2017-04-08T10:57:46Z" finished-at="2017-04-08T10:57:48Z">
          <reporter-output>
          </reporter-output>
        </test-method> <!-- afterMethod -->
        <test-method status="PASS" signature="afterTest()[pri:0, instance:testcases.TC007_DeleteLead@13fcdbd]" name="afterTest" is-config="true" duration-ms="1" started-at="2017-04-08T10:57:48Z" finished-at="2017-04-08T10:57:48Z">
          <reporter-output>
          </reporter-output>
        </test-method> <!-- afterTest -->
        <test-method status="PASS" signature="afterSuite()[pri:0, instance:testcases.TC007_DeleteLead@13fcdbd]" name="afterSuite" is-config="true" duration-ms="857" started-at="2017-04-08T10:57:48Z" finished-at="2017-04-08T10:57:49Z">
          <reporter-output>
          </reporter-output>
        </test-method> <!-- afterSuite -->
      </class> <!-- testcases.TC007_DeleteLead -->
    </test> <!-- Default test -->
  </suite> <!-- Default suite -->
</testng-results>
